<?xml version="1.0" encoding="UTF-8"?>
<coverage generated="1630409381239" clover="3.2.0">
  <project timestamp="1630409381239" name="All files">
    <metrics statements="29" coveredstatements="17" conditionals="2" coveredconditionals="0" methods="14" coveredmethods="4" elements="45" coveredelements="21" complexity="0" loc="29" ncloc="29" packages="2" files="3" classes="3"/>
    <package name="first-app">
      <metrics statements="17" coveredstatements="7" conditionals="2" coveredconditionals="0" methods="10" coveredmethods="1"/>
      <file name="App.js" path="/home/sanjp/React-Native/first-app/App.js">
        <metrics statements="17" coveredstatements="7" conditionals="2" coveredconditionals="0" methods="10" coveredmethods="1"/>
        <line num="7" count="7" type="stmt"/>
        <line num="9" count="7" type="stmt"/>
        <line num="11" count="7" type="stmt"/>
        <line num="12" count="0" type="cond" truecount="0" falsecount="2"/>
        <line num="13" count="0" type="stmt"/>
        <line num="15" count="0" type="stmt"/>
        <line num="19" count="0" type="stmt"/>
        <line num="22" count="7" type="stmt"/>
        <line num="23" count="0" type="stmt"/>
        <line num="24" count="0" type="stmt"/>
        <line num="28" count="7" type="stmt"/>
        <line num="29" count="0" type="stmt"/>
        <line num="32" count="7" type="stmt"/>
        <line num="37" count="0" type="stmt"/>
        <line num="46" count="0" type="stmt"/>
        <line num="49" count="0" type="stmt"/>
        <line num="60" count="1" type="stmt"/>
      </file>
    </package>
    <package name="first-app.components">
      <metrics statements="12" coveredstatements="10" conditionals="0" coveredconditionals="0" methods="4" coveredmethods="3"/>
      <file name="TodoInput.js" path="/home/sanjp/React-Native/first-app/components/TodoInput.js">
        <metrics statements="9" coveredstatements="7" conditionals="0" coveredconditionals="0" methods="3" coveredmethods="2"/>
        <line num="4" count="2" type="stmt"/>
        <line num="5" count="13" type="stmt"/>
        <line num="7" count="13" type="stmt"/>
        <line num="8" count="0" type="stmt"/>
        <line num="9" count="0" type="stmt"/>
        <line num="12" count="13" type="stmt"/>
        <line num="13" count="1" type="stmt"/>
        <line num="16" count="13" type="stmt"/>
        <line num="42" count="2" type="stmt"/>
      </file>
      <file name="TodoItem.js" path="/home/sanjp/React-Native/first-app/components/TodoItem.js">
        <metrics statements="3" coveredstatements="3" conditionals="0" coveredconditionals="0" methods="1" coveredmethods="1"/>
        <line num="4" count="2" type="stmt"/>
        <line num="5" count="3" type="stmt"/>
        <line num="17" count="2" type="stmt"/>
      </file>
    </package>
  </project>
</coverage>
