TN:
SF:App.js
FN:6,App
FN:11,(anonymous_1)
FN:15,(anonymous_2)
FN:22,(anonymous_3)
FN:23,(anonymous_4)
FN:24,(anonymous_5)
FN:28,(anonymous_6)
FN:37,(anonymous_7)
FN:46,(anonymous_8)
FN:48,(anonymous_9)
FNF:10
FNH:1
FNDA:7,App
FNDA:0,(anonymous_1)
FNDA:0,(anonymous_2)
FNDA:0,(anonymous_3)
FNDA:0,(anonymous_4)
FNDA:0,(anonymous_5)
FNDA:0,(anonymous_6)
FNDA:0,(anonymous_7)
FNDA:0,(anonymous_8)
FNDA:0,(anonymous_9)
DA:7,7
DA:9,7
DA:11,7
DA:12,0
DA:13,0
DA:15,0
DA:19,0
DA:22,7
DA:23,0
DA:24,0
DA:28,7
DA:29,0
DA:32,7
DA:37,0
DA:46,0
DA:49,0
DA:60,1
LF:17
LH:7
BRDA:12,0,0,0
BRDA:12,0,1,0
BRF:2
BRH:0
end_of_record
TN:
SF:components/TodoInput.js
FN:4,(anonymous_0)
FN:7,(anonymous_1)
FN:12,(anonymous_2)
FNF:3
FNH:2
FNDA:13,(anonymous_0)
FNDA:0,(anonymous_1)
FNDA:1,(anonymous_2)
DA:4,2
DA:5,13
DA:7,13
DA:8,0
DA:9,0
DA:12,13
DA:13,1
DA:16,13
DA:42,2
LF:9
LH:7
BRF:0
BRH:0
end_of_record
TN:
SF:components/TodoItem.js
FN:4,(anonymous_0)
FNF:1
FNH:1
FNDA:3,(anonymous_0)
DA:4,2
DA:5,3
DA:17,2
LF:3
LH:3
BRF:0
BRH:0
end_of_record
